Arguments: 
  /usr/bin/node /usr/local/bin/yarn add newsapi

PATH: 
  /home/sharon/.local/bin:/usr/local/sbin:/usr/local/bin:/usr/sbin:/usr/bin:/sbin:/bin:/usr/games:/usr/local/games:/snap/bin

Yarn version: 
  1.17.3

Node version: 
  8.11.4

Platform: 
  linux x64

Trace: 
  Error: https://registry.yarnpkg.com/@octokit%2frest: ETIMEDOUT
      at Timeout._onTimeout (/usr/local/lib/node_modules/yarn/lib/cli.js:141124:19)
      at ontimeout (timers.js:498:11)
      at tryOnTimeout (timers.js:323:5)
      at Timer.listOnTimeout (timers.js:290:5)

npm manifest: 
  {
    "name": "newsapi",
    "version": "1.0.0",
    "description": "\"cli that consumes newsapi\"",
    "main": "index.js",
    "scripts": {
      "test": "echo \"Error: no test specified\" && exit 1"
    },
    "repository": {
      "type": "git",
      "url": "git+https://github.com/SharonNorah/newsapi.git"
    },
    "keywords": [
      "cli"
    ],
    "author": "Sharon Norah",
    "license": "ISC",
    "bugs": {
      "url": "https://github.com/SharonNorah/newsapi/issues"
    },
    "homepage": "https://github.com/SharonNorah/newsapi#readme",
    "dependencies": {
      "@octokit/rest": "^16.30.0",
      "chalk": "^2.4.2",
      "clear": "^0.1.0",
      "clui": "^0.3.6",
      "configstore": "^5.0.0",
      "figlet": "^1.2.4",
      "inquirer": "^7.0.0",
      "lodash": "^4.17.15",
      "minimist": "^1.2.0",
      "simple-git": "^1.126.0",
      "touch": "^3.1.0"
    }
  }

yarn manifest: 
  No manifest

Lockfile: 
  No lockfile
